\BOOKMARK [0][-]{chapter.1}{\376\377\000I\000n\000d\000i\000c\000e\000:}{}% 1
\BOOKMARK [1][-]{section.1.1}{\376\377\000E\000n\000t\000o\000r\000n\000o\000\040\000V\000i\000r\000t\000u\000a\000l}{chapter.1}% 2
\BOOKMARK [2][-]{subsection.1.1.1}{\376\377\0001\000.\000\040\000C\000\363\000m\000o\000\040\000c\000r\000e\000a\000r\000\040\000e\000l\000\040\000e\000n\000t\000o\000r\000n\000o\000\040\000v\000i\000r\000t\000u\000a\000l\000\040\000e\000n\000\040\000e\000l\000\040\000p\000r\000o\000y\000e\000c\000t\000o}{section.1.1}% 3
\BOOKMARK [2][-]{subsection.1.1.2}{\376\377\0002\000.\000\040\000C\000\363\000m\000o\000\040\000a\000c\000t\000i\000v\000a\000r\000\040\000e\000l\000\040\000e\000n\000t\000o\000r\000n\000o\000\040\000v\000i\000r\000t\000u\000a\000l}{section.1.1}% 4
\BOOKMARK [1][-]{section.1.2}{\376\377\000I\000n\000s\000t\000a\000l\000a\000c\000i\000\363\000n\000\040\000d\000e\000\040\000d\000e\000p\000e\000n\000d\000e\000n\000c\000i\000a\000s\000\040\000d\000e\000l\000\040\000p\000r\000o\000y\000e\000c\000t\000o}{chapter.1}% 5
\BOOKMARK [2][-]{subsection.1.2.1}{\376\377\0001\000.\000\040\000I\000n\000s\000t\000a\000l\000a\000r\000\040\000l\000a\000s\000\040\000d\000e\000p\000e\000n\000d\000e\000n\000c\000i\000a\000s\000\040\000c\000o\000n\000\040\000e\000l\000\040\000a\000r\000c\000h\000i\000v\000o\000\040\000r\000e\000q\000u\000i\000r\000e\000m\000e\000n\000t\000s\000.\000t\000x\000t}{section.1.2}% 6
\BOOKMARK [2][-]{subsection.1.2.2}{\376\377\0002\000.\000\040\000V\000e\000r\000i\000f\000i\000c\000a\000r\000\040\000l\000a\000\040\000i\000n\000s\000t\000a\000l\000a\000c\000i\000\363\000n}{section.1.2}% 7
\BOOKMARK [2][-]{subsection.1.2.3}{\376\377\0003\000.\000\040\000D\000e\000s\000a\000c\000t\000i\000v\000a\000r\000\040\000e\000l\000\040\000e\000n\000t\000o\000r\000n\000o\000\040\000v\000i\000r\000t\000u\000a\000l\000\040\000\050\000o\000p\000c\000i\000o\000n\000a\000l\000\051}{section.1.2}% 8
\BOOKMARK [3][-]{subsubsection*.2}{\376\377\000A\000r\000c\000h\000i\000v\000o\000\040\000r\000e\000q\000u\000i\000r\000e\000m\000e\000n\000t\000s\000.\000t\000x\000t}{subsection.1.2.3}% 9
\BOOKMARK [3][-]{subsubsection*.3}{\376\377\000D\000e\000t\000a\000l\000l\000e\000s\000\040\000s\000o\000b\000r\000e\000\040\000c\000a\000d\000a\000\040\000u\000n\000a\000\040\000d\000e\000\040\000l\000a\000s\000\040\000d\000e\000p\000e\000n\000d\000e\000n\000c\000i\000a\000s}{subsection.1.2.3}% 10
\BOOKMARK [1][-]{section.1.3}{\376\377\000C\000r\000e\000a\000c\000i\000\363\000n\000\040\000I\000n\000i\000c\000i\000a\000l\000\040\000d\000e\000l\000\040\000P\000r\000o\000y\000e\000c\000t\000o\000\040\000c\000o\000n\000\040\000S\000p\000h\000i\000n\000x}{chapter.1}% 11
\BOOKMARK [2][-]{subsection.1.3.1}{\376\377\0001\000.\000\040\000I\000n\000s\000t\000a\000l\000a\000c\000i\000\363\000n\000\040\000d\000e\000\040\000S\000p\000h\000i\000n\000x\000\040\000y\000\040\000M\000y\000S\000T\000-\000P\000a\000r\000s\000e\000r}{section.1.3}% 12
\BOOKMARK [2][-]{subsection.1.3.2}{\376\377\0002\000.\000\040\000C\000r\000e\000a\000r\000\040\000u\000n\000\040\000P\000r\000o\000y\000e\000c\000t\000o\000\040\000c\000o\000n\000\040\000S\000p\000h\000i\000n\000x}{section.1.3}% 13
\BOOKMARK [3][-]{subsubsection*.4}{\376\377\000O\000p\000c\000i\000o\000n\000e\000s\000\040\000I\000m\000p\000o\000r\000t\000a\000n\000t\000e\000s\000\040\000e\000n\000\040\000e\000l\000\040\000P\000r\000o\000c\000e\000s\000o\000:}{subsection.1.3.2}% 14
\BOOKMARK [2][-]{subsection.1.3.3}{\376\377\0003\000.\000\040\000E\000s\000t\000r\000u\000c\000t\000u\000r\000a\000\040\000d\000e\000l\000\040\000P\000r\000o\000y\000e\000c\000t\000o}{section.1.3}% 15
\BOOKMARK [2][-]{subsection.1.3.4}{\376\377\0004\000.\000\040\000C\000o\000n\000f\000i\000g\000u\000r\000a\000c\000i\000\363\000n\000\040\000p\000a\000r\000a\000\040\000U\000s\000a\000r\000\040\000M\000a\000r\000k\000d\000o\000w\000n\000\040\000c\000o\000n\000\040\000M\000y\000S\000T\000-\000P\000a\000r\000s\000e\000r}{section.1.3}% 16
\BOOKMARK [3][-]{subsubsection*.5}{\376\377\0004\000.\0001\000.\000\040\000I\000n\000s\000t\000a\000l\000a\000c\000i\000\363\000n\000\040\000d\000e\000\040\000M\000y\000S\000T\000-\000P\000a\000r\000s\000e\000r}{subsection.1.3.4}% 17
\BOOKMARK [3][-]{subsubsection*.6}{\376\377\0004\000.\0002\000.\000\040\000M\000o\000d\000i\000f\000i\000c\000a\000c\000i\000\363\000n\000\040\000d\000e\000l\000\040\000A\000r\000c\000h\000i\000v\000o\000\040\000c\000o\000n\000f\000.\000p\000y}{subsection.1.3.4}% 18
\BOOKMARK [3][-]{subsubsection*.7}{\376\377\0004\000.\0002\000.\0001\000\040\000E\000s\000p\000e\000c\000i\000f\000i\000c\000a\000c\000i\000\363\000n\000\040\000d\000e\000\040\000l\000a\000s\000\040\000e\000x\000t\000e\000n\000s\000i\000o\000n\000e\000s\000\040\000d\000e\000\040\000a\000r\000c\000h\000i\000v\000o\000\040\000f\000u\000e\000n\000t\000e}{subsection.1.3.4}% 19
\BOOKMARK [3][-]{subsubsection*.8}{\376\377\0004\000.\0002\000.\0002\000\040\000C\000o\000n\000f\000i\000g\000u\000r\000a\000c\000i\000\363\000n\000\040\000d\000e\000l\000\040\000i\000d\000i\000o\000m\000a}{subsection.1.3.4}% 20
\BOOKMARK [3][-]{subsubsection*.9}{\376\377\0004\000.\0002\000.\0003\000\040\000C\000o\000n\000f\000i\000g\000u\000r\000a\000c\000i\000\363\000n\000\040\000p\000a\000r\000a\000\040\000a\000r\000c\000h\000i\000v\000o\000s\000\040\000e\000s\000t\000\341\000t\000i\000c\000o\000s\000\040\000\050\000C\000S\000S\000\040\000e\000\040\000i\000m\000\341\000g\000e\000n\000e\000s\000\051}{subsection.1.3.4}% 21
\BOOKMARK [2][-]{subsection.1.3.5}{\376\377\0005\000.\000\040\000C\000r\000e\000a\000c\000i\000\363\000n\000\040\000d\000e\000\040\000l\000a\000\040\000D\000o\000c\000u\000m\000e\000n\000t\000a\000c\000i\000\363\000n\000\040\000e\000n\000\040\000M\000a\000r\000k\000d\000o\000w\000n}{section.1.3}% 22
\BOOKMARK [2][-]{subsection.1.3.6}{\376\377\0006\000.\000\040\000C\000o\000m\000p\000i\000l\000a\000c\000i\000\363\000n\000\040\000d\000e\000\040\000l\000a\000\040\000D\000o\000c\000u\000m\000e\000n\000t\000a\000c\000i\000\363\000n}{section.1.3}% 23
\BOOKMARK [2][-]{subsection.1.3.7}{\376\377\0007\000.\000\040\000P\000e\000r\000s\000o\000n\000a\000l\000i\000z\000a\000c\000i\000\363\000n\000\040\000A\000d\000i\000c\000i\000o\000n\000a\000l}{section.1.3}% 24
\BOOKMARK [3][-]{subsubsection*.10}{\376\377\0007\000.\0001\000.\000\040\000E\000s\000t\000i\000l\000o\000\040\000d\000e\000l\000\040\000C\000\363\000d\000i\000g\000o}{subsection.1.3.7}% 25
\BOOKMARK [1][-]{section.1.4}{\376\377\000E\000s\000t\000r\000u\000c\000t\000u\000r\000a\000\040\000i\000n\000i\000c\000i\000a\000l\000\040\000d\000e\000l\000\040\000p\000r\000o\000y\000e\000c\000t\000o}{chapter.1}% 26
\BOOKMARK [2][-]{subsection.1.4.1}{\376\377\0001\000.\000\040\000E\000s\000t\000r\000u\000c\000t\000u\000r\000a\000\040\000G\000e\000n\000e\000r\000a\000d\000a}{section.1.4}% 27
\BOOKMARK [3][-]{subsubsection*.11}{\376\377\0001\000.\0001\000.\000\040\000C\000a\000r\000p\000e\000t\000a\000\040\000b\000u\000i\000l\000d\000/}{subsection.1.4.1}% 28
\BOOKMARK [3][-]{subsubsection*.12}{\376\377\0001\000.\0002\000.\000\040\000C\000a\000r\000p\000e\000t\000a\000\040\000s\000o\000u\000r\000c\000e\000/}{subsection.1.4.1}% 29
\BOOKMARK [4][-]{paragraph*.13}{\376\377\0001\000.\0002\000.\0001\000.\000\040\000S\000u\000b\000c\000a\000r\000p\000e\000t\000a\000s\000\040\000I\000m\000p\000o\000r\000t\000a\000n\000t\000e\000s}{subsubsection*.12}% 30
\BOOKMARK [4][-]{paragraph*.14}{\376\377\0001\000.\0002\000.\0002\000.\000\040\000A\000r\000c\000h\000i\000v\000o\000s\000\040\000I\000m\000p\000o\000r\000t\000a\000n\000t\000e\000s\000\040\000e\000n\000\040\000s\000o\000u\000r\000c\000e\000/}{subsubsection*.12}% 31
\BOOKMARK [3][-]{subsubsection*.15}{\376\377\0001\000.\0003\000.\000\040\000A\000r\000c\000h\000i\000v\000o\000\040\000M\000a\000k\000e\000f\000i\000l\000e}{subsection.1.4.1}% 32
\BOOKMARK [3][-]{subsubsection*.16}{\376\377\0001\000.\0004\000.\000\040\000A\000r\000c\000h\000i\000v\000o\000\040\000m\000a\000k\000e\000.\000b\000a\000t}{subsection.1.4.1}% 33
\BOOKMARK [2][-]{subsection.1.4.2}{\376\377\0002\000.\000\040\000F\000l\000u\000j\000o\000\040\000d\000e\000\040\000T\000r\000a\000b\000a\000j\000o\000\040\000c\000o\000n\000\040\000M\000y\000S\000T\000-\000P\000a\000r\000s\000e\000r}{section.1.4}% 34
\BOOKMARK [1][-]{section.1.5}{\376\377\000C\000r\000e\000a\000c\000i\000\363\000n\000\040\000d\000e\000\040\000f\000i\000c\000h\000e\000r\000o\000s\000\040\000d\000e\000\040\000c\000\363\000d\000i\000g\000o\000\040\000y\000\040\000g\000e\000n\000e\000r\000a\000c\000i\000\363\000n\000\040\000a\000u\000t\000o\000m\000\341\000t\000i\000c\000a\000\040\000d\000e\000\040\000d\000o\000c\000u\000m\000e\000n\000t\000a\000c\000i\000\363\000n}{chapter.1}% 35
\BOOKMARK [2][-]{subsection.1.5.1}{\376\377\0001\000.\000\040\000C\000r\000e\000a\000c\000i\000\363\000n\000\040\000d\000e\000l\000\040\000f\000i\000c\000h\000e\000r\000o\000\040\000d\000e\000\040\000c\000\363\000d\000i\000g\000o\000\040\000P\000y\000t\000h\000o\000n}{section.1.5}% 36
\BOOKMARK [3][-]{subsubsection*.17}{\376\377\0001\000.\0002\000.\000\040\000P\000a\000s\000o\000s\000\040\000p\000a\000r\000a\000\040\000g\000e\000n\000e\000r\000a\000r\000\040\000l\000a\000\040\000d\000o\000c\000u\000m\000e\000n\000t\000a\000c\000i\000\363\000n\000\040\000a\000u\000t\000o\000m\000\341\000t\000i\000c\000a\000m\000e\000n\000t\000e}{subsection.1.5.1}% 37
\BOOKMARK [2][-]{subsection.1.5.2}{\376\377\0002\000.\000\040\000R\000e\000s\000u\000l\000t\000a\000d\000o\000s\000\040\000o\000b\000t\000e\000n\000i\000d\000o\000s}{section.1.5}% 38
\BOOKMARK [3][-]{subsubsection*.18}{\376\377\0002\000.\0001\000.\000\040\000E\000s\000t\000r\000u\000c\000t\000u\000r\000a\000\040\000d\000e\000\040\000A\000r\000c\000h\000i\000v\000o\000s\000\040\000G\000e\000n\000e\000r\000a\000d\000a}{subsection.1.5.2}% 39
\BOOKMARK [4][-]{paragraph*.19}{\376\377\000a\000.\000\040\000i\000n\000d\000e\000x\000.\000r\000s\000t\000\040\000o\000\040\000i\000n\000d\000e\000x\000.\000m\000d}{subsubsection*.18}% 40
\BOOKMARK [4][-]{paragraph*.20}{\376\377\000b\000.\000\040\000A\000r\000c\000h\000i\000v\000o\000s\000\040\000.\000r\000s\000t\000\040\000o\000\040\000.\000m\000d\000\040\000p\000a\000r\000a\000\040\000c\000a\000d\000a\000\040\000m\000\363\000d\000u\000l\000o\000\040\000P\000y\000t\000h\000o\000n}{subsubsection*.18}% 41
\BOOKMARK [4][-]{paragraph*.21}{\376\377\000c\000.\000\040\000m\000o\000d\000u\000l\000e\000s\000.\000r\000s\000t\000\040\000o\000\040\000m\000o\000d\000u\000l\000e\000s\000.\000m\000d}{subsubsection*.18}% 42
\BOOKMARK [3][-]{subsubsection*.22}{\376\377\0002\000.\0002\000.\000\040\000C\000o\000n\000t\000e\000n\000i\000d\000o\000\040\000d\000e\000\040\000l\000o\000s\000\040\000A\000r\000c\000h\000i\000v\000o\000s\000\040\000G\000e\000n\000e\000r\000a\000d\000o\000s}{subsection.1.5.2}% 43
\BOOKMARK [4][-]{paragraph*.23}{\376\377\000a\000.\000\040\000D\000o\000c\000u\000m\000e\000n\000t\000a\000c\000i\000\363\000n\000\040\000G\000e\000n\000e\000r\000a\000d\000a\000\040\000A\000u\000t\000o\000m\000\341\000t\000i\000c\000a\000m\000e\000n\000t\000e\000\040\000d\000e\000s\000d\000e\000\040\000e\000l\000\040\000C\000\363\000d\000i\000g\000o}{subsubsection*.22}% 44
\BOOKMARK [4][-]{paragraph*.24}{\376\377\000b\000.\000\040\000I\000n\000c\000l\000u\000i\000r\000\040\000T\000o\000d\000o\000\040\000e\000l\000\040\000C\000\363\000d\000i\000g\000o\000\040\000d\000e\000l\000\040\000P\000r\000o\000y\000e\000c\000t\000o}{subsubsection*.22}% 45
\BOOKMARK [4][-]{paragraph*.25}{\376\377\000c\000.\000\040\000D\000e\000p\000e\000n\000d\000e\000n\000c\000i\000a\000s\000\040\000d\000e\000\040\000M\000\363\000d\000u\000l\000o\000s}{subsubsection*.22}% 46
\BOOKMARK [3][-]{subsubsection*.26}{\376\377\0002\000.\0003\000.\000\040\000U\000s\000o\000\040\000d\000e\000\040\000l\000o\000s\000\040\000A\000r\000c\000h\000i\000v\000o\000s\000\040\000G\000e\000n\000e\000r\000a\000d\000o\000s}{subsection.1.5.2}% 47
\BOOKMARK [3][-]{subsubsection*.27}{\376\377\0002\000.\0004\000.\000\040\000P\000e\000r\000s\000o\000n\000a\000l\000i\000z\000a\000c\000i\000\363\000n\000\040\000d\000e\000\040\000l\000a\000\040\000D\000o\000c\000u\000m\000e\000n\000t\000a\000c\000i\000\363\000n\000\040\000G\000e\000n\000e\000r\000a\000d\000a}{subsection.1.5.2}% 48
\BOOKMARK [2][-]{subsection.1.5.3}{\376\377\0003\000.\000\040\000C\000o\000n\000c\000l\000u\000s\000i\000o\000n\000e\000s}{section.1.5}% 49
\BOOKMARK [1][-]{section.1.6}{\376\377\000G\000e\000n\000e\000r\000a\000c\000i\000\363\000n\000\040\000d\000e\000\040\000H\000T\000M\000L\000\040\000a\000\040\000p\000a\000r\000t\000i\000r\000\040\000d\000e\000\040\000l\000a\000\040\000d\000o\000c\000u\000m\000e\000n\000t\000a\000c\000i\000\363\000n}{chapter.1}% 50
\BOOKMARK [2][-]{subsection.1.6.1}{\376\377\0001\000.\000\040\000P\000r\000e\000p\000a\000r\000a\000r\000\040\000l\000a\000\040\000e\000s\000t\000r\000u\000c\000t\000u\000r\000a\000\040\000d\000e\000l\000\040\000p\000r\000o\000y\000e\000c\000t\000o}{section.1.6}% 51
\BOOKMARK [2][-]{subsection.1.6.2}{\376\377\0002\000.\000\040\000C\000r\000e\000a\000r\000\040\000c\000o\000n\000t\000e\000n\000i\000d\000o\000\040\000e\000n\000\040\000M\000a\000r\000k\000d\000o\000w\000n}{section.1.6}% 52
\BOOKMARK [3][-]{subsubsection*.28}{\376\377\0002\000.\0001\000.\000\040\000E\000j\000e\000m\000p\000l\000o\000\040\000d\000e\000\040\000i\000n\000d\000e\000x\000.\000m\000d\000:}{subsection.1.6.2}% 53
\BOOKMARK [2][-]{subsection.1.6.3}{\376\377\0003\000.\000\040\000C\000o\000n\000f\000i\000g\000u\000r\000a\000r\000\040\000l\000a\000\040\000s\000a\000l\000i\000d\000a\000\040\000H\000T\000M\000L\000\040\000e\000n\000\040\000c\000o\000n\000f\000.\000p\000y}{section.1.6}% 54
\BOOKMARK [2][-]{subsection.1.6.4}{\376\377\0004\000.\000\040\000G\000e\000n\000e\000r\000a\000r\000\040\000l\000a\000\040\000d\000o\000c\000u\000m\000e\000n\000t\000a\000c\000i\000\363\000n\000\040\000H\000T\000M\000L}{section.1.6}% 55
\BOOKMARK [3][-]{subsubsection*.29}{\376\377\0004\000.\0001\000.\000\040\000\277\000Q\000u\000\351\000\040\000s\000u\000c\000e\000d\000e\000\040\000a\000q\000u\000\355\000?}{subsection.1.6.4}% 56
\BOOKMARK [2][-]{subsection.1.6.5}{\376\377\0005\000.\000\040\000E\000x\000p\000l\000o\000r\000a\000r\000\040\000l\000a\000\040\000s\000a\000l\000i\000d\000a\000\040\000H\000T\000M\000L}{section.1.6}% 57
\BOOKMARK [3][-]{subsubsection*.30}{\376\377\0005\000.\0001\000.\000\040\000E\000j\000e\000m\000p\000l\000o\000\040\000d\000e\000\040\000s\000a\000l\000i\000d\000a\000\040\000H\000T\000M\000L\000:}{subsection.1.6.5}% 58
\BOOKMARK [1][-]{section.1.7}{\376\377\000G\000e\000n\000e\000r\000a\000c\000i\000\363\000n\000\040\000d\000e\000\040\000P\000D\000F\000\040\000a\000\040\000p\000a\000r\000t\000i\000r\000\040\000d\000e\000\040\000l\000a\000\040\000d\000o\000c\000u\000m\000e\000n\000t\000a\000c\000i\000\363\000n}{chapter.1}% 59
\BOOKMARK [2][-]{subsection.1.7.1}{\376\377\0001\000.\000\040\000R\000e\000q\000u\000i\000s\000i\000t\000o\000s\000\040\000p\000r\000e\000v\000i\000o\000s}{section.1.7}% 60
\BOOKMARK [2][-]{subsection.1.7.2}{\376\377\0002\000.\000\040\000C\000o\000n\000f\000i\000g\000u\000r\000a\000r\000\040\000e\000l\000\040\000a\000r\000c\000h\000i\000v\000o\000\040\000c\000o\000n\000f\000.\000p\000y}{section.1.7}% 61
\BOOKMARK [3][-]{subsubsection*.31}{\376\377\0002\000.\0001\000\040\000E\000x\000p\000l\000i\000c\000a\000c\000i\000\363\000n\000\040\000d\000e\000\040\000l\000a\000s\000\040\000o\000p\000c\000i\000o\000n\000e\000s\000\040\000c\000l\000a\000v\000e\000:}{subsection.1.7.2}% 62
\BOOKMARK [2][-]{subsection.1.7.3}{\376\377\0003\000.\000\040\000G\000e\000n\000e\000r\000a\000r\000\040\000a\000r\000c\000h\000i\000v\000o\000s\000\040\000L\000a\000T\000e\000X}{section.1.7}% 63
\BOOKMARK [3][-]{subsubsection*.32}{\376\377\0003\000.\0001\000.\000\040\000R\000e\000s\000u\000l\000t\000a\000d\000o\000\040\000e\000s\000p\000e\000r\000a\000d\000o\000:}{subsection.1.7.3}% 64
\BOOKMARK [2][-]{subsection.1.7.4}{\376\377\0004\000.\000\040\000C\000o\000m\000p\000i\000l\000a\000r\000\040\000e\000l\000\040\000a\000r\000c\000h\000i\000v\000o\000\040\000.\000t\000e\000x\000\040\000a\000\040\000P\000D\000F}{section.1.7}% 65
\BOOKMARK [3][-]{subsubsection*.33}{\376\377\0004\000.\0001\000.\000\040\000R\000e\000s\000u\000l\000t\000a\000d\000o\000\040\000e\000s\000p\000e\000r\000a\000d\000o\000:}{subsection.1.7.4}% 66
\BOOKMARK [2][-]{subsection.1.7.5}{\376\377\0005\000.\000\040\000V\000e\000r\000i\000f\000i\000c\000a\000r\000\040\000y\000\040\000r\000e\000v\000i\000s\000a\000r\000\040\000e\000l\000\040\000P\000D\000F}{section.1.7}% 67
\BOOKMARK [2][-]{subsection.1.7.6}{\376\377\0006\000.\000\040\000S\000o\000l\000u\000c\000i\000\363\000n\000\040\000d\000e\000\040\000p\000r\000o\000b\000l\000e\000m\000a\000s\000\040\000c\000o\000m\000u\000n\000e\000s}{section.1.7}% 68
\BOOKMARK [3][-]{subsubsection*.34}{\376\377\0006\000.\0001\000.\000\040\000E\000r\000r\000o\000r\000:\000\040\000P\000a\000q\000u\000e\000t\000e\000\040\000L\000a\000T\000e\000X\000\040\000f\000a\000l\000t\000a\000n\000t\000e}{subsection.1.7.6}% 69
\BOOKMARK [3][-]{subsubsection*.35}{\376\377\0006\000.\0002\000.\000\040\000E\000r\000r\000o\000r\000\040\000d\000e\000\040\000c\000o\000d\000i\000f\000i\000c\000a\000c\000i\000\363\000n\000\040\000U\000T\000F\000-\0008}{subsection.1.7.6}% 70
\BOOKMARK [3][-]{subsubsection*.36}{\376\377\0006\000.\0003\000.\000\040\000E\000r\000r\000o\000r\000\040\000d\000e\000\040\000c\000o\000m\000p\000i\000l\000a\000c\000i\000\363\000n\000\040\000e\000n\000\040\000t\000a\000b\000l\000a\000s\000\040\000o\000\040\000f\000i\000g\000u\000r\000a\000s}{subsection.1.7.6}% 71
\BOOKMARK [1][-]{section.1.8}{\376\377\000G\000u\000\355\000a\000\040\000d\000e\000\040\000u\000s\000o\000\040\000M\000y\000S\000T\000\040\040\023\000\040\000P\000a\000r\000s\000e\000r}{chapter.1}% 72
\BOOKMARK [2][-]{subsection.1.8.1}{\376\377\0001\000.\000\040\000T\000y\000p\000o\000g\000r\000a\000p\000h\000y}{section.1.8}% 73
\BOOKMARK [3][-]{subsubsection*.37}{\376\377\000C\000a\000r\000a\000c\000t\000e\000r\000\355\000s\000t\000i\000c\000a\000s\000\040\000p\000r\000i\000n\000c\000i\000p\000a\000l\000e\000s\000\040\000d\000e\000\040\000l\000a\000\040\000t\000i\000p\000o\000g\000r\000a\000f\000\355\000a\000\040\000e\000n\000\040\000M\000y\000S\000T\000-\000P\000a\000r\000s\000e\000r}{subsection.1.8.1}% 74
\BOOKMARK [4][-]{paragraph*.38}{\376\377\0001\000.\000\040\000\311\000n\000f\000a\000s\000i\000s\000\040\000d\000e\000\040\000t\000e\000x\000t\000o}{subsubsection*.37}% 75
\BOOKMARK [4][-]{paragraph*.39}{\376\377\0002\000.\000\040\000T\000e\000x\000t\000o\000\040\000t\000a\000c\000h\000a\000d\000o}{subsubsection*.37}% 76
\BOOKMARK [4][-]{paragraph*.40}{\376\377\0003\000.\000\040\000C\000i\000t\000a\000s\000\040\000t\000i\000p\000o\000g\000r\000\341\000f\000i\000c\000a\000s}{subsubsection*.37}% 77
\BOOKMARK [4][-]{paragraph*.41}{\376\377\0004\000.\000\040\000S\000u\000b\000\355\000n\000d\000i\000c\000e\000\040\000y\000\040\000s\000u\000p\000e\000r\000\355\000n\000d\000i\000c\000e}{subsubsection*.37}% 78
\BOOKMARK [4][-]{paragraph*.42}{\376\377\0005\000.\000\040\000C\000a\000r\000\341\000c\000t\000e\000r\000\040\000d\000e\000\040\000e\000s\000c\000a\000p\000e}{subsubsection*.37}% 79
\BOOKMARK [4][-]{paragraph*.43}{\376\377\0006\000.\000\040\000S\000e\000p\000a\000r\000a\000d\000o\000r\000e\000s\000\040\000h\000o\000r\000i\000z\000o\000n\000t\000a\000l\000e\000s}{subsubsection*.37}% 80
\BOOKMARK [4][-]{paragraph*.44}{\376\377\0007\000.\000\040\000L\000e\000t\000r\000a\000s\000\040\000y\000\040\000s\000\355\000m\000b\000o\000l\000o\000s\000\040\000e\000s\000p\000e\000c\000i\000a\000l\000e\000s}{subsubsection*.37}% 81
\BOOKMARK [2][-]{subsection.1.8.2}{\376\377\0002\000.\000\040\000A\000d\000m\000o\000n\000i\000t\000i\000o\000n\000s}{section.1.8}% 82
\BOOKMARK [3][-]{subsubsection*.45}{\376\377\000C\000a\000r\000a\000c\000t\000e\000r\000\355\000s\000t\000i\000c\000a\000s\000\040\000d\000e\000\040\000l\000a\000s\000\040\000a\000d\000m\000o\000n\000i\000t\000i\000o\000n\000s\000\040\000e\000n\000\040\000M\000y\000S\000T\000-\000P\000a\000r\000s\000e\000r}{subsection.1.8.2}% 83
\BOOKMARK [4][-]{paragraph*.46}{\376\377\0001\000.\000\040\000S\000i\000n\000t\000a\000x\000i\000s\000\040\000b\000\341\000s\000i\000c\000a}{subsubsection*.45}% 84
\BOOKMARK [4][-]{paragraph*.47}{\376\377\0002\000.\000\040\000T\000i\000p\000o\000s\000\040\000p\000r\000e\000d\000e\000f\000i\000n\000i\000d\000o\000s\000\040\000d\000e\000\040\000a\000d\000m\000o\000n\000i\000t\000i\000o\000n\000s}{subsubsection*.45}% 85
\BOOKMARK [4][-]{paragraph*.48}{\376\377\0003\000.\000\040\000A\000d\000m\000o\000n\000i\000t\000i\000o\000n\000s\000\040\000c\000o\000n\000\040\000t\000\355\000t\000u\000l\000o\000s\000\040\000p\000e\000r\000s\000o\000n\000a\000l\000i\000z\000a\000d\000o\000s}{subsubsection*.45}% 86
\BOOKMARK [4][-]{paragraph*.49}{\376\377\0004\000.\000\040\000A\000d\000m\000o\000n\000i\000t\000i\000o\000n\000s\000\040\000a\000n\000i\000d\000a\000d\000a\000s}{subsubsection*.45}% 87
\BOOKMARK [4][-]{paragraph*.50}{\376\377\0005\000.\000\040\000A\000d\000m\000o\000n\000i\000t\000i\000o\000n\000s\000\040\000c\000o\000n\000\040\000b\000l\000o\000q\000u\000e\000s\000\040\000d\000e\000\040\000c\000\363\000d\000i\000g\000o}{subsubsection*.45}% 88
\BOOKMARK [3][-]{subsubsection*.51}{\376\377\0006\000.\000\040\000P\000e\000r\000s\000o\000n\000a\000l\000i\000z\000a\000c\000i\000\363\000n\000\040\000d\000e\000\040\000a\000d\000m\000o\000n\000i\000t\000i\000o\000n\000s}{subsection.1.8.2}% 89
\BOOKMARK [4][-]{paragraph*.52}{\376\377\0006\000.\0001\000.\000\040\000E\000n\000t\000e\000n\000d\000e\000r\000\040\000l\000a\000\040\000E\000s\000t\000r\000u\000c\000t\000u\000r\000a\000\040\000d\000e\000\040\000A\000d\000m\000o\000n\000i\000t\000i\000o\000n\000s\000\040\000e\000n\000\040\000S\000p\000h\000i\000n\000x}{subsubsection*.51}% 90
\BOOKMARK [5][-]{subparagraph*.53}{\376\377\0006\000.\0001\000.\0001\000.\000\040\000E\000s\000t\000r\000u\000c\000t\000u\000r\000a\000\040\000H\000T\000M\000L\000\040\000G\000e\000n\000e\000r\000a\000d\000a\000\040\000p\000o\000r\000\040\000u\000n\000a\000\040\000A\000d\000m\000o\000n\000i\000t\000i\000o\000n}{paragraph*.52}% 91
\BOOKMARK [4][-]{paragraph*.54}{\376\377\0006\000.\0002\000.\000\040\000C\000r\000e\000a\000r\000\040\000u\000n\000\040\000A\000r\000c\000h\000i\000v\000o\000\040\000d\000e\000\040\000E\000s\000t\000i\000l\000o\000s\000\040\000P\000e\000r\000s\000o\000n\000a\000l\000i\000z\000a\000d\000o\000\040\000e\000n\000\040\000S\000p\000h\000i\000n\000x}{subsubsection*.51}% 92
\BOOKMARK [5][-]{subparagraph*.55}{\376\377\0006\000.\0002\000.\0001\000.\000\040\000E\000s\000t\000r\000u\000c\000t\000u\000r\000a\000\040\000d\000e\000l\000\040\000P\000r\000o\000y\000e\000c\000t\000o}{paragraph*.54}% 93
\BOOKMARK [5][-]{subparagraph*.56}{\376\377\0006\000.\0002\000.\0002\000.\000\040\000E\000d\000i\000t\000a\000r\000\040\000e\000l\000\040\000A\000r\000c\000h\000i\000v\000o\000\040\000c\000u\000s\000t\000o\000m\000.\000c\000s\000s}{paragraph*.54}% 94
\BOOKMARK [5][-]{subparagraph*.57}{\376\377\0006\000.\0002\000.\0003\000.\000\040\000E\000x\000p\000l\000i\000c\000a\000c\000i\000\363\000n\000\040\000d\000e\000\040\000l\000o\000s\000\040\000E\000s\000t\000i\000l\000o\000s\000:}{paragraph*.54}% 95
\BOOKMARK [4][-]{paragraph*.58}{\376\377\0006\000.\0003\000.\000\040\000C\000o\000n\000f\000i\000g\000u\000r\000a\000r\000\040\000c\000o\000n\000f\000.\000p\000y\000\040\000p\000a\000r\000a\000\040\000I\000n\000c\000l\000u\000i\000r\000\040\000C\000S\000S\000\040\000P\000e\000r\000s\000o\000n\000a\000l\000i\000z\000a\000d\000o}{subsubsection*.51}% 96
\BOOKMARK [4][-]{paragraph*.59}{\376\377\0006\000.\0004\000.\000\040\000C\000o\000n\000f\000i\000g\000u\000r\000a\000r\000\040\000e\000l\000\040\000t\000e\000m\000a\000\040\000\050\000o\000p\000c\000i\000o\000n\000a\000l\000\051}{subsubsection*.51}% 97
\BOOKMARK [2][-]{subsection.1.8.3}{\376\377\0003\000.\000\040\000I\000m\000a\000g\000e\000s\000\040\000a\000n\000d\000\040\000F\000i\000g\000u\000r\000e\000s}{section.1.8}% 98
\BOOKMARK [3][-]{subsubsection*.60}{\376\377\0001\000.\000\040\000I\000m\000\341\000g\000e\000n\000e\000s\000\040\000B\000\341\000s\000i\000c\000a\000s\000\040\000e\000n\000\040\000M\000y\000S\000T\000-\000P\000a\000r\000s\000e\000r}{subsection.1.8.3}% 99
\BOOKMARK [4][-]{paragraph*.61}{\376\377\0001\000.\0001\000.\000\040\000S\000i\000n\000t\000a\000x\000i\000s\000\040\000B\000\341\000s\000i\000c\000a\000\040\000p\000a\000r\000a\000\040\000I\000n\000s\000e\000r\000t\000a\000r\000\040\000u\000n\000a\000\040\000I\000m\000a\000g\000e\000n}{subsubsection*.60}% 100
\BOOKMARK [5][-]{subparagraph*.62}{\376\377\000E\000j\000e\000m\000p\000l\000o\000:}{paragraph*.61}% 101
\BOOKMARK [3][-]{subsubsection*.63}{\376\377\0002\000.\000\040\000F\000i\000g\000u\000r\000a\000s\000\040\000c\000o\000n\000\040\000T\000\355\000t\000u\000l\000o\000\040\000y\000\040\000R\000e\000f\000e\000r\000e\000n\000c\000i\000a}{subsection.1.8.3}% 102
\BOOKMARK [4][-]{paragraph*.64}{\376\377\0002\000.\0001\000.\000\040\000I\000n\000s\000e\000r\000t\000a\000r\000\040\000u\000n\000a\000\040\000F\000i\000g\000u\000r\000a\000\040\000c\000o\000n\000\040\000T\000\355\000t\000u\000l\000o}{subsubsection*.63}% 103
\BOOKMARK [5][-]{subparagraph*.65}{\376\377\000E\000x\000p\000l\000i\000c\000a\000c\000i\000\363\000n\000:}{paragraph*.64}% 104
\BOOKMARK [4][-]{paragraph*.66}{\376\377\0002\000.\0002\000.\000\040\000R\000e\000f\000e\000r\000e\000n\000c\000i\000a\000\040\000C\000r\000u\000z\000a\000d\000a\000\040\000a\000\040\000u\000n\000a\000\040\000F\000i\000g\000u\000r\000a}{subsubsection*.63}% 105
\BOOKMARK [3][-]{subsubsection*.67}{\376\377\0003\000.\000\040\000O\000p\000c\000i\000o\000n\000e\000s\000\040\000A\000v\000a\000n\000z\000a\000d\000a\000s\000\040\000p\000a\000r\000a\000\040\000I\000m\000\341\000g\000e\000n\000e\000s\000\040\000y\000\040\000F\000i\000g\000u\000r\000a\000s}{subsection.1.8.3}% 106
\BOOKMARK [4][-]{paragraph*.68}{\376\377\0003\000.\0001\000.\000\040\000E\000s\000c\000a\000l\000a\000r\000\040\000I\000m\000\341\000g\000e\000n\000e\000s}{subsubsection*.67}% 107
\BOOKMARK [4][-]{paragraph*.69}{\376\377\0003\000.\0002\000.\000\040\000A\000l\000i\000n\000e\000a\000r\000\040\000I\000m\000\341\000g\000e\000n\000e\000s}{subsubsection*.67}% 108
\BOOKMARK [4][-]{paragraph*.70}{\376\377\0003\000.\0003\000.\000\040\000E\000n\000l\000a\000z\000a\000r\000\040\000I\000m\000\341\000g\000e\000n\000e\000s}{subsubsection*.67}% 109
\BOOKMARK [2][-]{subsection.1.8.4}{\376\377\0004\000.\000\040\000T\000a\000b\000l\000e\000s}{section.1.8}% 110
\BOOKMARK [3][-]{subsubsection*.71}{\376\377\0001\000.\000\040\000T\000a\000b\000l\000a\000s\000\040\000B\000\341\000s\000i\000c\000a\000s\000\040\000e\000n\000\040\000M\000y\000S\000T\000-\000P\000a\000r\000s\000e\000r}{subsection.1.8.4}% 111
\BOOKMARK [4][-]{paragraph*.72}{\376\377\0001\000.\0001\000.\000\040\000S\000i\000n\000t\000a\000x\000i\000s\000\040\000B\000\341\000s\000i\000c\000a\000\040\000d\000e\000\040\000T\000a\000b\000l\000a\000s\000\040\000M\000a\000r\000k\000d\000o\000w\000n}{subsubsection*.71}% 112
\BOOKMARK [5][-]{subparagraph*.73}{\376\377\330\075\336\340\376\017\000\040\000E\000x\000p\000l\000i\000c\000a\000c\000i\000\363\000n\000:}{paragraph*.72}% 113
\BOOKMARK [3][-]{subsubsection*.74}{\376\377\0002\000.\000\040\000T\000a\000b\000l\000a\000s\000\040\000c\000o\000n\000\040\000A\000l\000i\000n\000e\000a\000c\000i\000\363\000n}{subsection.1.8.4}% 114
\BOOKMARK [4][-]{paragraph*.75}{\376\377\330\075\334\314\000\040\0002\000.\0001\000.\000\040\000A\000l\000i\000n\000e\000a\000r\000\040\000e\000l\000\040\000C\000o\000n\000t\000e\000n\000i\000d\000o\000\040\000d\000e\000\040\000l\000a\000s\000\040\000C\000o\000l\000u\000m\000n\000a\000s}{subsubsection*.74}% 115
\BOOKMARK [5][-]{subparagraph*.76}{\376\377\330\075\336\340\376\017\000\040\000E\000x\000p\000l\000i\000c\000a\000c\000i\000\363\000n\000:}{paragraph*.75}% 116
\BOOKMARK [3][-]{subsubsection*.77}{\376\377\0003\000.\000\040\000T\000a\000b\000l\000a\000s\000\040\000C\000o\000m\000p\000l\000e\000j\000a\000s\000\040\000c\000o\000n\000\040\000F\000o\000r\000m\000a\000t\000o\000\040\000A\000v\000a\000n\000z\000a\000d\000o}{subsection.1.8.4}% 117
\BOOKMARK [4][-]{paragraph*.78}{\376\377\330\075\334\314\000\040\0003\000.\0001\000.\000\040\000C\000r\000e\000a\000r\000\040\000T\000a\000b\000l\000a\000s\000\040\000c\000o\000n\000\040\000M\000y\000S\000T\000\040\000D\000i\000r\000e\000c\000t\000i\000v\000a\000s}{subsubsection*.77}% 118
\BOOKMARK [5][-]{subparagraph*.79}{\376\377\000E\000x\000p\000l\000i\000c\000a\000c\000i\000\363\000n\000:}{paragraph*.78}% 119
\BOOKMARK [3][-]{subsubsection*.80}{\376\377\0004\000.\000\040\000T\000a\000b\000l\000a\000s\000\040\000c\000o\000n\000\040\000R\000e\000f\000e\000r\000e\000n\000c\000i\000a\000s\000\040\000y\000\040\000N\000o\000m\000b\000r\000e\000s}{subsection.1.8.4}% 120
\BOOKMARK [4][-]{paragraph*.81}{\376\377\0004\000.\0001\000.\000\040\000A\000g\000r\000e\000g\000a\000r\000\040\000u\000n\000a\000\040\000E\000t\000i\000q\000u\000e\000t\000a\000\040\000a\000\040\000u\000n\000a\000\040\000T\000a\000b\000l\000a}{subsubsection*.80}% 121
\BOOKMARK [5][-]{subparagraph*.82}{\376\377\000E\000x\000p\000l\000i\000c\000a\000c\000i\000\363\000n\000:}{paragraph*.81}% 122
\BOOKMARK [2][-]{subsection.1.8.5}{\376\377\0005\000.\000\040\000S\000o\000u\000r\000c\000e\000\040\000c\000o\000d\000e\000\040\000a\000n\000d\000\040\000A\000P\000I\000s}{section.1.8}% 123
\BOOKMARK [3][-]{subsubsection*.83}{\376\377\0001\000.\000\040\000M\000o\000s\000t\000r\000a\000r\000\040\000C\000\363\000d\000i\000g\000o\000\040\000F\000u\000e\000n\000t\000e\000\040\000e\000n\000\040\000M\000a\000r\000k\000d\000o\000w\000n}{subsection.1.8.5}% 124
\BOOKMARK [4][-]{paragraph*.84}{\376\377\0001\000.\0001\000.\000\040\000B\000l\000o\000q\000u\000e\000s\000\040\000d\000e\000\040\000C\000\363\000d\000i\000g\000o\000\040\000\050\000C\000o\000d\000e\000\040\000B\000l\000o\000c\000k\000s\000\051}{subsubsection*.83}% 125
\BOOKMARK [3][-]{subsubsection*.85}{\376\377\0002\000.\000\040\000I\000n\000c\000r\000u\000s\000t\000a\000r\000\040\000C\000\363\000d\000i\000g\000o\000\040\000e\000n\000\040\000L\000\355\000n\000e\000a}{subsection.1.8.5}% 126
\BOOKMARK [3][-]{subsubsection*.86}{\376\377\0003\000.\000\040\000R\000e\000s\000a\000l\000t\000a\000r\000\040\000F\000r\000a\000g\000m\000e\000n\000t\000o\000s\000\040\000d\000e\000\040\000C\000\363\000d\000i\000g\000o\000\040\000\050\000H\000i\000g\000h\000l\000i\000g\000h\000t\000i\000n\000g\000\051}{subsection.1.8.5}% 127
\BOOKMARK [4][-]{paragraph*.87}{\376\377\000E\000x\000p\000l\000i\000c\000a\000c\000i\000\363\000n\000:}{subsubsection*.86}% 128
\BOOKMARK [3][-]{subsubsection*.88}{\376\377\0004\000.\000\040\000M\000o\000s\000t\000r\000a\000r\000\040\000A\000r\000c\000h\000i\000v\000o\000s\000\040\000d\000e\000\040\000C\000\363\000d\000i\000g\000o\000\040\000C\000o\000m\000p\000l\000e\000t\000o}{subsection.1.8.5}% 129
\BOOKMARK [4][-]{paragraph*.89}{\376\377\000P\000a\000r\000\341\000m\000e\000t\000r\000o\000s\000:}{subsubsection*.88}% 130
\BOOKMARK [3][-]{subsubsection*.90}{\376\377\0005\000.\000\040\000D\000o\000c\000u\000m\000e\000n\000t\000a\000c\000i\000\363\000n\000\040\000d\000e\000\040\000A\000P\000I\000s}{subsection.1.8.5}% 131
\BOOKMARK [4][-]{paragraph*.91}{\376\377\0005\000.\0001\000.\000\040\000A\000u\000t\000o\000g\000e\000n\000e\000r\000a\000r\000\040\000D\000o\000c\000u\000m\000e\000n\000t\000a\000c\000i\000\363\000n\000\040\000d\000e\000\040\000A\000P\000I\000s}{subsubsection*.90}% 132
\BOOKMARK [2][-]{subsection.1.8.6}{\376\377\0006\000.\000\040\000C\000r\000o\000s\000s\000-\000r\000e\000f\000e\000r\000e\000n\000c\000e\000s}{section.1.8}% 133
\BOOKMARK [3][-]{subsubsection*.92}{\376\377\0001\000.\000\040\000R\000e\000f\000e\000r\000e\000n\000c\000i\000a\000s\000\040\000C\000r\000u\000z\000a\000d\000a\000s\000\040\000a\000\040\000S\000e\000c\000c\000i\000o\000n\000e\000s}{subsection.1.8.6}% 134
\BOOKMARK [4][-]{paragraph*.93}{\376\377\0001\000.\0001\000.\000\040\000S\000i\000n\000t\000a\000x\000i\000s\000\040\000B\000\341\000s\000i\000c\000a}{subsubsection*.92}% 135
\BOOKMARK [4][-]{paragraph*.94}{\376\377\0001\000.\0002\000.\000\040\000R\000e\000f\000e\000r\000e\000n\000c\000i\000a\000\040\000d\000e\000s\000d\000e\000\040\000o\000t\000r\000o\000\040\000a\000r\000c\000h\000i\000v\000o}{subsubsection*.92}% 136
\BOOKMARK [3][-]{subsubsection*.95}{\376\377\0002\000.\000\040\000R\000e\000f\000e\000r\000e\000n\000c\000i\000a\000s\000\040\000C\000r\000u\000z\000a\000d\000a\000s\000\040\000a\000\040\000A\000r\000c\000h\000i\000v\000o\000s}{subsection.1.8.6}% 137
\BOOKMARK [3][-]{subsubsection*.96}{\376\377\0003\000.\000\040\000R\000e\000f\000e\000r\000e\000n\000c\000i\000a\000s\000\040\000a\000\040\000F\000u\000n\000c\000i\000o\000n\000e\000s\000,\000\040\000C\000l\000a\000s\000e\000s\000\040\000y\000\040\000M\000\351\000t\000o\000d\000o\000s\000\040\000\050\000A\000u\000t\000o\000d\000o\000c\000\051}{subsection.1.8.6}% 138
\BOOKMARK [3][-]{subsubsection*.97}{\376\377\0004\000.\000\040\000R\000e\000f\000e\000r\000e\000n\000c\000i\000a\000s\000\040\000a\000\040\000F\000i\000g\000u\000r\000a\000s\000\040\000e\000\040\000I\000m\000\341\000g\000e\000n\000e\000s}{subsection.1.8.6}% 139
\BOOKMARK [3][-]{subsubsection*.98}{\376\377\0005\000.\000\040\000R\000e\000f\000e\000r\000e\000n\000c\000i\000a\000s\000\040\000a\000\040\000T\000a\000b\000l\000a\000s}{subsection.1.8.6}% 140
\BOOKMARK [3][-]{subsubsection*.99}{\376\377\0006\000.\000\040\000R\000e\000f\000e\000r\000e\000n\000c\000i\000a\000s\000\040\000c\000o\000n\000\040\000l\000a\000\040\000D\000i\000r\000e\000c\000t\000i\000v\000a\000\040\000r\000e\000f}{subsection.1.8.6}% 141
\BOOKMARK [3][-]{subsubsection*.100}{\376\377\0007\000.\000\040\000R\000e\000f\000e\000r\000e\000n\000c\000i\000a\000s\000\040\000a\000\040\000A\000d\000m\000o\000n\000i\000t\000i\000o\000n\000s}{subsection.1.8.6}% 142
\BOOKMARK [3][-]{subsubsection*.101}{\376\377\0008\000.\000\040\000B\000u\000e\000n\000a\000s\000\040\000P\000r\000\341\000c\000t\000i\000c\000a\000s\000\040\000p\000a\000r\000a\000\040\000R\000e\000f\000e\000r\000e\000n\000c\000i\000a\000s\000\040\000C\000r\000u\000z\000a\000d\000a\000s}{subsection.1.8.6}% 143
\BOOKMARK [3][-]{subsubsection*.102}{\376\377\0009\000.\000\040\000V\000e\000r\000i\000f\000i\000c\000a\000r\000\040\000R\000e\000f\000e\000r\000e\000n\000c\000i\000a\000s\000\040\000C\000r\000u\000z\000a\000d\000a\000s}{subsection.1.8.6}% 144
\BOOKMARK [2][-]{subsection.1.8.7}{\376\377\0007\000.\000\040\000O\000r\000g\000a\000n\000i\000s\000i\000n\000g\000-\000C\000o\000n\000t\000e\000n\000t}{section.1.8}% 145
\BOOKMARK [3][-]{subsubsection*.103}{\376\377\0001\000\040\000E\000s\000t\000r\000u\000c\000t\000u\000r\000a\000\040\000d\000e\000l\000\040\000d\000o\000c\000u\000m\000e\000n\000t\000o}{subsection.1.8.7}% 146
\BOOKMARK [3][-]{subsubsection*.104}{\376\377\0002\000\040\000I\000n\000s\000e\000r\000t\000a\000r\000\040\000o\000t\000r\000o\000s\000\040\000d\000o\000c\000u\000m\000e\000n\000t\000o\000s\000\040\000d\000i\000r\000e\000c\000t\000a\000m\000e\000n\000t\000e\000\040\000e\000n\000\040\000e\000l\000\040\000d\000o\000c\000u\000m\000e\000n\000t\000o\000\040\000a\000c\000t\000u\000a\000l}{subsection.1.8.7}% 147
\BOOKMARK [3][-]{subsubsection*.105}{\376\377\0003\000\040\000U\000s\000a\000r\000\040\000t\000o\000c\000t\000r\000e\000e\000\040\000p\000a\000r\000a\000\040\000i\000n\000c\000l\000u\000i\000r\000\040\000o\000t\000r\000o\000s\000\040\000d\000o\000c\000u\000m\000e\000n\000t\000o\000s\000\040\000c\000o\000m\000o\000\040\000h\000i\000j\000o\000s}{subsection.1.8.7}% 148
\BOOKMARK [2][-]{subsection.1.8.8}{\376\377\0008\000.\000\040\000S\000i\000n\000t\000a\000x\000-\000E\000x\000t\000e\000n\000s\000i\000o\000n}{section.1.8}% 149
\BOOKMARK [3][-]{subsubsection*.106}{\376\377\0001\000\040\000T\000i\000p\000o\000g\000r\000a\000f\000\355\000a}{subsection.1.8.8}% 150
\BOOKMARK [3][-]{subsubsection*.107}{\376\377\0002\000\040\000M\000a\000t\000e\000m\000\341\000t\000i\000c\000a\000s}{subsection.1.8.8}% 151
\BOOKMARK [3][-]{subsubsection*.108}{\376\377\0003\000\040\000L\000i\000s\000t\000a\000s\000\040\000d\000e\000\040\000D\000e\000f\000i\000n\000i\000c\000i\000o\000n\000e\000s}{subsection.1.8.8}% 152
\BOOKMARK [3][-]{subsubsection*.109}{\376\377\0004\000\040\000L\000i\000s\000t\000a\000s\000\040\000d\000e\000\040\000T\000a\000r\000e\000a\000s}{subsection.1.8.8}% 153
\BOOKMARK [3][-]{subsubsection*.110}{\376\377\0005\000\040\000S\000u\000s\000t\000i\000t\000u\000c\000i\000o\000n\000e\000s}{subsection.1.8.8}% 154
\BOOKMARK [3][-]{subsubsection*.111}{\376\377\0006\000\040\000A\000n\000c\000l\000a\000j\000e\000s\000\040\000A\000u\000t\000o\000m\000\341\000t\000i\000c\000o\000s}{subsection.1.8.8}% 155
\BOOKMARK [2][-]{subsection.1.8.9}{\376\377\0009\000.\000\040\000R\000o\000l\000e\000s\000\040\000y\000\040\000D\000i\000r\000e\000c\000t\000i\000v\000a\000s}{section.1.8}% 156
\BOOKMARK [3][-]{subsubsection*.112}{\376\377\0001\000.\000\040\000S\000i\000n\000t\000a\000x\000i\000s}{subsection.1.8.9}% 157
\BOOKMARK [4][-]{paragraph*.113}{\376\377\0001\000.\0001\000\040\000D\000i\000r\000e\000c\000t\000i\000v\000a\000s\000\040\000-\000\040\000u\000n\000a\000\040\000e\000x\000t\000e\000n\000s\000i\000\363\000n\000\040\000a\000\040\000n\000i\000v\000e\000l\000\040\000d\000e\000\040\000b\000l\000o\000q\000u\000e}{subsubsection*.112}% 158
\BOOKMARK [4][-]{paragraph*.114}{\376\377\0001\000.\0002\000\040\000C\000o\000n\000f\000i\000g\000u\000r\000a\000c\000i\000\363\000n\000\040\000d\000e\000\040\000l\000a\000s\000\040\000d\000i\000r\000e\000c\000t\000i\000v\000a\000s\000\040\000\050\000o\000p\000c\000i\000o\000n\000e\000s\000\051}{subsubsection*.112}% 159
\BOOKMARK [4][-]{paragraph*.115}{\376\377\0001\000.\0003\000\040\000R\000o\000l\000e\000s\000\040\000-\000\040\000u\000n\000\040\000p\000u\000n\000t\000o\000\040\000d\000e\000\040\000e\000x\000t\000e\000n\000s\000i\000\363\000n\000\040\000e\000n\000\040\000l\000\355\000n\000e\000a}{subsubsection*.112}% 160
\BOOKMARK [3][-]{subsubsection*.116}{\376\377\0002\000.\000\040\000R\000o\000l\000e\000s\000\040\000y\000\040\000D\000i\000r\000e\000c\000t\000i\000v\000a\000s\000\040\000d\000e\000\040\000M\000y\000S\000T}{subsection.1.8.9}% 161
\BOOKMARK [4][-]{paragraph*.117}{\376\377\0002\000.\0001\000\040\000I\000n\000s\000e\000r\000t\000a\000r\000\040\000l\000a\000\040\000f\000e\000c\000h\000a\000\040\000y\000\040\000e\000l\000\040\000t\000i\000e\000m\000p\000o\000\040\000d\000e\000\040\000l\000e\000c\000t\000u\000r\000a}{subsubsection*.116}% 162
\BOOKMARK [1][-]{section.1.9}{\376\377\000C\000o\000m\000a\000n\000d\000o\000s\000\040\000u\000t\000i\000l\000i\000z\000a\000d\000o\000s\000\040\000a\000l\000\040\000t\000r\000a\000b\000a\000j\000a\000r\000\040\000c\000o\000n\000\040\000M\000a\000r\000k\000d\000o\000w\000n\000,\000\040\000M\000y\000S\000T\000-\000P\000a\000r\000s\000e\000r\000,\000\040\000S\000p\000h\000i\000n\000x}{chapter.1}% 163
\BOOKMARK [2][-]{subsection.1.9.1}{\376\377\0001\000.\000\040\000C\000r\000e\000a\000r\000\040\000u\000n\000\040\000e\000n\000t\000o\000r\000n\000o\000\040\000v\000i\000r\000t\000u\000a\000l}{section.1.9}% 164
\BOOKMARK [2][-]{subsection.1.9.2}{\376\377\0002\000.\000\040\000A\000c\000t\000i\000v\000a\000r\000\040\000e\000l\000\040\000e\000n\000t\000o\000r\000n\000o\000\040\000v\000i\000r\000t\000u\000a\000l}{section.1.9}% 165
\BOOKMARK [2][-]{subsection.1.9.3}{\376\377\0003\000.\000\040\000C\000o\000n\000f\000i\000g\000u\000r\000a\000c\000i\000\363\000n\000\040\000i\000n\000i\000c\000i\000a\000l\000\040\000d\000e\000l\000\040\000p\000r\000o\000y\000e\000c\000t\000o\000\040\000S\000p\000h\000i\000n\000x}{section.1.9}% 166
\BOOKMARK [3][-]{subsubsection*.118}{\376\377\000C\000o\000m\000a\000n\000d\000o\000\040\000p\000a\000r\000a\000\040\000i\000n\000i\000c\000i\000a\000r\000\040\000u\000n\000\040\000p\000r\000o\000y\000e\000c\000t\000o\000\040\000S\000p\000h\000i\000n\000x}{subsection.1.9.3}% 167
\BOOKMARK [3][-]{subsubsection*.119}{\376\377\000C\000o\000m\000a\000n\000d\000o\000\040\000p\000a\000r\000a\000\040\000a\000c\000t\000u\000a\000l\000i\000z\000a\000r\000\040\000l\000a\000\040\000v\000e\000r\000s\000i\000\363\000n\000\040\000d\000e\000\040\000S\000p\000h\000i\000n\000x}{subsection.1.9.3}% 168
\BOOKMARK [2][-]{subsection.1.9.4}{\376\377\0004\000.\000\040\000I\000n\000s\000t\000a\000l\000a\000c\000i\000\363\000n\000\040\000d\000e\000\040\000d\000e\000p\000e\000n\000d\000e\000n\000c\000i\000a\000s\000\040\000n\000e\000c\000e\000s\000a\000r\000i\000a\000s}{section.1.9}% 169
\BOOKMARK [3][-]{subsubsection*.120}{\376\377\000I\000n\000s\000t\000a\000l\000a\000r\000\040\000S\000p\000h\000i\000n\000x}{subsection.1.9.4}% 170
\BOOKMARK [3][-]{subsubsection*.121}{\376\377\000I\000n\000s\000t\000a\000l\000a\000r\000\040\000M\000y\000S\000T\000-\000P\000a\000r\000s\000e\000r}{subsection.1.9.4}% 171
\BOOKMARK [3][-]{subsubsection*.122}{\376\377\000I\000n\000s\000t\000a\000l\000a\000r\000\040\000u\000n\000\040\000t\000e\000m\000a}{subsection.1.9.4}% 172
\BOOKMARK [2][-]{subsection.1.9.5}{\376\377\0004\000.\000\040\000G\000e\000n\000e\000r\000a\000c\000i\000\363\000n\000\040\000d\000e\000\040\000d\000o\000c\000u\000m\000e\000n\000t\000a\000c\000i\000\363\000n}{section.1.9}% 173
\BOOKMARK [3][-]{subsubsection*.123}{\376\377\000P\000a\000r\000a\000\040\000g\000e\000n\000e\000r\000a\000r\000\040\000d\000o\000c\000u\000m\000e\000n\000t\000a\000c\000i\000\363\000n\000\040\000e\000n\000\040\000f\000o\000r\000m\000a\000t\000o\000\040\000H\000T\000M\000L}{subsection.1.9.5}% 174
\BOOKMARK [3][-]{subsubsection*.124}{\376\377\000P\000a\000r\000a\000\040\000l\000i\000m\000p\000i\000a\000r\000\040\000l\000o\000s\000\040\000a\000r\000c\000h\000i\000v\000o\000s\000\040\000g\000e\000n\000e\000r\000a\000d\000o\000s}{subsection.1.9.5}% 175
\BOOKMARK [3][-]{subsubsection*.125}{\376\377\000A\000c\000t\000u\000a\000l\000i\000z\000a\000r\000\040\000d\000e\000p\000e\000n\000d\000e\000n\000c\000i\000a\000s}{subsection.1.9.5}% 176
\BOOKMARK [1][-]{section.1.10}{\376\377\000s\000r\000c}{chapter.1}% 177
\BOOKMARK [1][-]{section.1.11}{\376\377\000m\000a\000t\000h\000\137\000o\000p\000e\000r\000a\000t\000i\000o\000n\000s\000\040\000m\000o\000d\000u\000l\000e}{chapter.1}% 178
